源.obj : error LNK2019: 无法解析的外部符号 _av_malloc_array，该符号在函数 "int __cdecl init_filters(void)" (?init_filters@@YAHXZ) 中被引用
源.obj : error LNK2019: 无法解析的外部符号 _av_mallocz_array，该符号在函数 "int __cdecl open_input_file(char const *)" (?open_input_file@@YAHPBD@Z) 中被引用
源.obj : error LNK2019: 无法解析的外部符号 _av_free，该符号在函数 _main 中被引用
源.obj : error LNK2019: 无法解析的外部符号 _av_strdup，该符号在函数 "int __cdecl init_filter(struct FilteringContext *,struct AVCodecContext *,struct AVCodecContext *,char const *)" (?init_filter@@YAHPAUFilteringContext@@PAUAVCodecContext@@1PBD@Z) 中被引用
源.obj : error LNK2019: 无法解析的外部符号 _av_log，该符号在函数 "int __cdecl encode_write_frame(struct AVFrame *,unsigned int,int *)" (?encode_write_frame@@YAHPAUAVFrame@@IPAH@Z) 中被引用
源.obj : error LNK2019: 无法解析的外部符号 _av_get_sample_fmt_name，该符号在函数 "int __cdecl init_filter(struct FilteringContext *,struct AVCodecContext *,struct AVCodecContext *,char const *)" (?init_filter@@YAHPAUFilteringContext@@PAUAVCodecContext@@1PBD@Z) 中被引用
源.obj : error LNK2019: 无法解析的外部符号 _av_get_channel_layout_nb_channels，该符号在函数 "int __cdecl open_output_file(char const *)" (?open_output_file@@YAHPBD@Z) 中被引用
源.obj : error LNK2019: 无法解析的外部符号 _av_get_default_channel_layout，该符号在函数 "int __cdecl init_filter(struct FilteringContext *,struct AVCodecContext *,struct AVCodecContext *,char const *)" (?init_filter@@YAHPAUFilteringContext@@PAUAVCodecContext@@1PBD@Z) 中被引用
源.obj : error LNK2019: 无法解析的外部符号 _av_frame_alloc，该符号在函数 "int __cdecl filter_encode_write_frame(struct AVFrame *,unsigned int)" (?filter_encode_write_frame@@YAHPAUAVFrame@@I@Z) 中被引用
源.obj : error LNK2019: 无法解析的外部符号 _av_frame_free，该符号在函数 "int __cdecl encode_write_frame(struct AVFrame *,unsigned int,int *)" (?encode_write_frame@@YAHPAUAVFrame@@IPAH@Z) 中被引用
源.obj : error LNK2019: 无法解析的外部符号 _avcodec_alloc_context3，该符号在函数 "int __cdecl open_input_file(char const *)" (?open_input_file@@YAHPBD@Z) 中被引用
源.obj : error LNK2019: 无法解析的外部符号 _avcodec_free_context，该符号在函数 _main 中被引用
源.obj : error LNK2019: 无法解析的外部符号 _avcodec_parameters_copy，该符号在函数 "int __cdecl open_output_file(char const *)" (?open_output_file@@YAHPBD@Z) 中被引用
源.obj : error LNK2019: 无法解析的外部符号 _avcodec_parameters_from_context，该符号在函数 "int __cdecl open_output_file(char const *)" (?open_output_file@@YAHPBD@Z) 中被引用
源.obj : error LNK2019: 无法解析的外部符号 _avcodec_parameters_to_context，该符号在函数 "int __cdecl open_input_file(char const *)" (?open_input_file@@YAHPBD@Z) 中被引用
源.obj : error LNK2019: 无法解析的外部符号 _avcodec_open2，该符号在函数 "int __cdecl open_input_file(char const *)" (?open_input_file@@YAHPBD@Z) 中被引用
源.obj : error LNK2019: 无法解析的外部符号 _av_init_packet，该符号在函数 "int __cdecl encode_write_frame(struct AVFrame *,unsigned int,int *)" (?encode_write_frame@@YAHPAUAVFrame@@IPAH@Z) 中被引用
源.obj : error LNK2019: 无法解析的外部符号 _av_packet_unref，该符号在函数 _main 中被引用
源.obj : error LNK2019: 无法解析的外部符号 _av_packet_rescale_ts，该符号在函数 "int __cdecl encode_write_frame(struct AVFrame *,unsigned int,int *)" (?encode_write_frame@@YAHPAUAVFrame@@IPAH@Z) 中被引用
源.obj : error LNK2019: 无法解析的外部符号 _avcodec_find_decoder，该符号在函数 "int __cdecl open_input_file(char const *)" (?open_input_file@@YAHPBD@Z) 中被引用
源.obj : error LNK2019: 无法解析的外部符号 _avcodec_decode_audio4，该符号在函数 _main 中被引用
源.obj : error LNK2019: 无法解析的外部符号 _avcodec_decode_video2，该符号在函数 _main 中被引用
源.obj : error LNK2019: 无法解析的外部符号 _avcodec_find_encoder，该符号在函数 "int __cdecl open_output_file(char const *)" (?open_output_file@@YAHPBD@Z) 中被引用
源.obj : error LNK2019: 无法解析的外部符号 _avcodec_encode_audio2，该符号在函数 "int __cdecl encode_write_frame(struct AVFrame *,unsigned int,int *)" (?encode_write_frame@@YAHPAUAVFrame@@IPAH@Z) 中被引用
源.obj : error LNK2019: 无法解析的外部符号 _avcodec_encode_video2，该符号在函数 "int __cdecl encode_write_frame(struct AVFrame *,unsigned int,int *)" (?encode_write_frame@@YAHPAUAVFrame@@IPAH@Z) 中被引用
源.obj : error LNK2019: 无法解析的外部符号 _avio_open，该符号在函数 "int __cdecl open_output_file(char const *)" (?open_output_file@@YAHPBD@Z) 中被引用
源.obj : error LNK2019: 无法解析的外部符号 _avio_closep，该符号在函数 _main 中被引用
源.obj : error LNK2019: 无法解析的外部符号 _avformat_free_context，该符号在函数 _main 中被引用
源.obj : error LNK2019: 无法解析的外部符号 _avformat_new_stream，该符号在函数 "int __cdecl open_output_file(char const *)" (?open_output_file@@YAHPBD@Z) 中被引用
源.obj : error LNK2019: 无法解析的外部符号 _avformat_alloc_output_context2，该符号在函数 "int __cdecl open_output_file(char const *)" (?open_output_file@@YAHPBD@Z) 中被引用
源.obj : error LNK2019: 无法解析的外部符号 _avformat_open_input，该符号在函数 "int __cdecl open_input_file(char const *)" (?open_input_file@@YAHPBD@Z) 中被引用
源.obj : error LNK2019: 无法解析的外部符号 _avformat_find_stream_info，该符号在函数 "int __cdecl open_input_file(char const *)" (?open_input_file@@YAHPBD@Z) 中被引用
源.obj : error LNK2019: 无法解析的外部符号 _av_read_frame，该符号在函数 _main 中被引用
源.obj : error LNK2019: 无法解析的外部符号 _avformat_close_input，该符号在函数 _main 中被引用
源.obj : error LNK2019: 无法解析的外部符号 _avformat_write_header，该符号在函数 "int __cdecl open_output_file(char const *)" (?open_output_file@@YAHPBD@Z) 中被引用
源.obj : error LNK2019: 无法解析的外部符号 _av_interleaved_write_frame，该符号在函数 "int __cdecl encode_write_frame(struct AVFrame *,unsigned int,int *)" (?encode_write_frame@@YAHPAUAVFrame@@IPAH@Z) 中被引用
源.obj : error LNK2019: 无法解析的外部符号 _av_write_trailer，该符号在函数 _main 中被引用
源.obj : error LNK2019: 无法解析的外部符号 _av_dump_format，该符号在函数 "int __cdecl open_input_file(char const *)" (?open_input_file@@YAHPBD@Z) 中被引用
源.obj : error LNK2019: 无法解析的外部符号 _av_guess_frame_rate，该符号在函数 "int __cdecl open_input_file(char const *)" (?open_input_file@@YAHPBD@Z) 中被引用
源.obj : error LNK2019: 无法解析的外部符号 _avfilter_get_by_name，该符号在函数 "int __cdecl init_filter(struct FilteringContext *,struct AVCodecContext *,struct AVCodecContext *,char const *)" (?init_filter@@YAHPAUFilteringContext@@PAUAVCodecContext@@1PBD@Z) 中被引用
源.obj : error LNK2019: 无法解析的外部符号 _avfilter_graph_alloc，该符号在函数 "int __cdecl init_filter(struct FilteringContext *,struct AVCodecContext *,struct AVCodecContext *,char const *)" (?init_filter@@YAHPAUFilteringContext@@PAUAVCodecContext@@1PBD@Z) 中被引用
源.obj : error LNK2019: 无法解析的外部符号 _avfilter_graph_create_filter，该符号在函数 "int __cdecl init_filter(struct FilteringContext *,struct AVCodecContext *,struct AVCodecContext *,char const *)" (?init_filter@@YAHPAUFilteringContext@@PAUAVCodecContext@@1PBD@Z) 中被引用
源.obj : error LNK2019: 无法解析的外部符号 _avfilter_graph_config，该符号在函数 "int __cdecl init_filter(struct FilteringContext *,struct AVCodecContext *,struct AVCodecContext *,char const *)" (?init_filter@@YAHPAUFilteringContext@@PAUAVCodecContext@@1PBD@Z) 中被引用
源.obj : error LNK2019: 无法解析的外部符号 _avfilter_graph_free，该符号在函数 _main 中被引用
源.obj : error LNK2019: 无法解析的外部符号 _avfilter_inout_alloc，该符号在函数 "int __cdecl init_filter(struct FilteringContext *,struct AVCodecContext *,struct AVCodecContext *,char const *)" (?init_filter@@YAHPAUFilteringContext@@PAUAVCodecContext@@1PBD@Z) 中被引用
源.obj : error LNK2019: 无法解析的外部符号 _avfilter_inout_free，该符号在函数 "int __cdecl init_filter(struct FilteringContext *,struct AVCodecContext *,struct AVCodecContext *,char const *)" (?init_filter@@YAHPAUFilteringContext@@PAUAVCodecContext@@1PBD@Z) 中被引用
源.obj : error LNK2019: 无法解析的外部符号 _avfilter_graph_parse_ptr，该符号在函数 "int __cdecl init_filter(struct FilteringContext *,struct AVCodecContext *,struct AVCodecContext *,char const *)" (?init_filter@@YAHPAUFilteringContext@@PAUAVCodecContext@@1PBD@Z) 中被引用
源.obj : error LNK2019: 无法解析的外部符号 _av_buffersink_get_frame，该符号在函数 "int __cdecl filter_encode_write_frame(struct AVFrame *,unsigned int)" (?filter_encode_write_frame@@YAHPAUAVFrame@@I@Z) 中被引用
源.obj : error LNK2019: 无法解析的外部符号 _av_buffersrc_add_frame_flags，该符号在函数 "int __cdecl filter_encode_write_frame(struct AVFrame *,unsigned int)" (?filter_encode_write_frame@@YAHPAUAVFrame@@I@Z) 中被引用
源.obj : error LNK2019: 无法解析的外部符号 _av_opt_set_bin，该符号在函数 "int __cdecl init_filter(struct FilteringContext *,struct AVCodecContext *,struct AVCodecContext *,char const *)" (?init_filter@@YAHPAUFilteringContext@@PAUAVCodecContext@@1PBD@Z) 中被引用
D:\ffmpeg\lib\avcodec.lib : warning LNK4272: 库计算机类型“x64”与目标计算机类型“X86”冲突
D:\ffmpeg\lib\avdevice.lib : warning LNK4272: 库计算机类型“x64”与目标计算机类型“X86”冲突
D:\ffmpeg\lib\avfilter.lib : warning LNK4272: 库计算机类型“x64”与目标计算机类型“X86”冲突
D:\ffmpeg\lib\avformat.lib : warning LNK4272: 库计算机类型“x64”与目标计算机类型“X86”冲突
D:\ffmpeg\lib\avutil.lib : warning LNK4272: 库计算机类型“x64”与目标计算机类型“X86”冲突
C:\Users\chenzhiwen\Desktop\DXGIFFMpeg\Debug\DemoApp.exe : fatal error LNK1120: 50 个无法解析的外部命令
